/*C13*/SET SCHEMA PUBLIC
INSERT INTO DEPARTMENTS VALUES(3,'Marketing')
COMMIT
INSERT INTO DEPARTMENTS VALUES(4,'Finance')
COMMIT
INSERT INTO EMPLOYEES VALUES(10,NULL,'Eva',NULL,'Longoriya',NULL,NULL)
COMMIT
INSERT INTO EMPLOYEES VALUES(11,NULL,'Ivan',NULL,'Bobul',NULL,NULL)
COMMIT
INSERT INTO EMPLOYEES VALUES(12,NULL,'Ivan',NULL,'Bobul',NULL,NULL)
COMMIT
INSERT INTO EMPLOYEES VALUES(13,NULL,'Ivan',NULL,'Bobul',NULL,NULL)
COMMIT
INSERT INTO EMPLOYEES VALUES(14,NULL,'Ivan',NULL,'Bobul',NULL,NULL)
COMMIT
INSERT INTO EMPLOYEES VALUES(15,NULL,'Ivan',NULL,'Bobul',NULL,NULL)
COMMIT
INSERT INTO EMPLOYEES VALUES(16,NULL,'Ivan',NULL,'Bobul',NULL,NULL)
COMMIT
INSERT INTO EMPLOYEES VALUES(17,NULL,'Ivan',NULL,'Bobul',NULL,NULL)
COMMIT
INSERT INTO EMPLOYEES VALUES(18,NULL,'Ivan',NULL,'Bobul',NULL,NULL)
COMMIT
