2018-04-06 12:04:24 [restartedMain] INFO  c.e.E.EmployeeTabApplication - Starting EmployeeTabApplication on dev01-MS-7A70 with PID 16250 (started by dev01 in /home/dev01/Рабочий стол/task/HRtab)
2018-04-06 12:04:24 [restartedMain] INFO  c.e.E.EmployeeTabApplication - No active profile set, falling back to default profiles: default
2018-04-06 12:04:24 [restartedMain] INFO  o.s.b.c.e.AnnotationConfigEmbeddedWebApplicationContext - Refreshing org.springframework.boot.context.embedded.AnnotationConfigEmbeddedWebApplicationContext@10f83c3: startup date [Fri Apr 06 12:04:24 EEST 2018]; root of context hierarchy
2018-04-06 12:04:25 [restartedMain] INFO  o.s.b.c.e.t.TomcatEmbeddedServletContainer - Tomcat initialized with port(s): 8080 (http)
2018-04-06 12:04:25 [restartedMain] INFO  o.a.catalina.core.StandardService - Starting service [Tomcat]
2018-04-06 12:04:25 [restartedMain] INFO  o.a.catalina.core.StandardEngine - Starting Servlet Engine: Apache Tomcat/8.5.23
2018-04-06 12:04:25 [localhost-startStop-1] INFO  o.a.c.c.C.[Tomcat].[localhost].[/] - Initializing Spring embedded WebApplicationContext
2018-04-06 12:04:25 [localhost-startStop-1] INFO  o.s.web.context.ContextLoader - Root WebApplicationContext: initialization completed in 1781 ms
2018-04-06 12:04:26 [localhost-startStop-1] INFO  o.s.b.w.s.ServletRegistrationBean - Mapping servlet: 'dispatcherServlet' to [/]
2018-04-06 12:04:26 [localhost-startStop-1] INFO  o.s.b.w.s.FilterRegistrationBean - Mapping filter: 'characterEncodingFilter' to: [/*]
2018-04-06 12:04:26 [localhost-startStop-1] INFO  o.s.b.w.s.FilterRegistrationBean - Mapping filter: 'hiddenHttpMethodFilter' to: [/*]
2018-04-06 12:04:26 [localhost-startStop-1] INFO  o.s.b.w.s.FilterRegistrationBean - Mapping filter: 'httpPutFormContentFilter' to: [/*]
2018-04-06 12:04:26 [localhost-startStop-1] INFO  o.s.b.w.s.FilterRegistrationBean - Mapping filter: 'requestContextFilter' to: [/*]
2018-04-06 12:04:26 [restartedMain] INFO  o.s.o.j.LocalContainerEntityManagerFactoryBean - Building JPA container EntityManagerFactory for persistence unit 'default'
2018-04-06 12:04:26 [restartedMain] INFO  o.h.jpa.internal.util.LogHelper - HHH000204: Processing PersistenceUnitInfo [
	name: default
	...]
2018-04-06 12:04:26 [restartedMain] INFO  org.hibernate.Version - HHH000412: Hibernate Core {5.0.12.Final}
2018-04-06 12:04:26 [restartedMain] INFO  org.hibernate.cfg.Environment - HHH000206: hibernate.properties not found
2018-04-06 12:04:26 [restartedMain] INFO  org.hibernate.cfg.Environment - HHH000021: Bytecode provider name : javassist
2018-04-06 12:04:26 [restartedMain] INFO  o.h.annotations.common.Version - HCANN000001: Hibernate Commons Annotations {5.0.1.Final}
2018-04-06 12:04:26 [restartedMain] INFO  org.hibernate.dialect.Dialect - HHH000400: Using dialect: org.hibernate.dialect.HSQLDialect
2018-04-06 12:04:27 [restartedMain] INFO  o.h.tool.hbm2ddl.SchemaExport - HHH000227: Running hbm2ddl schema export
2018-04-06 12:04:27 [restartedMain] ERROR o.h.tool.hbm2ddl.SchemaExport - HHH000389: Unsuccessful: alter table employees drop constraint FKgy4qe3dnqrm3ktd76sxp7n4c2
2018-04-06 12:04:27 [restartedMain] ERROR o.h.tool.hbm2ddl.SchemaExport - user lacks privilege or object not found: PUBLIC.EMPLOYEES
2018-04-06 12:04:27 [restartedMain] INFO  o.h.tool.hbm2ddl.SchemaExport - HHH000230: Schema export complete
2018-04-06 12:04:27 [restartedMain] INFO  o.s.o.j.LocalContainerEntityManagerFactoryBean - Initialized JPA EntityManagerFactory for persistence unit 'default'
2018-04-06 12:04:27 [restartedMain] INFO  o.s.jdbc.datasource.init.ScriptUtils - Executing SQL script from URL [file:/home/dev01/%d0%a0%d0%b0%d0%b1%d0%be%d1%87%d0%b8%d0%b9%20%d1%81%d1%82%d0%be%d0%bb/task/HRtab/target/classes/data.sql]
2018-04-06 12:04:27 [restartedMain] INFO  o.s.jdbc.datasource.init.ScriptUtils - Executed SQL script from URL [file:/home/dev01/%d0%a0%d0%b0%d0%b1%d0%be%d1%87%d0%b8%d0%b9%20%d1%81%d1%82%d0%be%d0%bb/task/HRtab/target/classes/data.sql] in 3 ms.
2018-04-06 12:04:27 [restartedMain] INFO  o.s.w.s.m.m.a.RequestMappingHandlerAdapter - Looking for @ControllerAdvice: org.springframework.boot.context.embedded.AnnotationConfigEmbeddedWebApplicationContext@10f83c3: startup date [Fri Apr 06 12:04:24 EEST 2018]; root of context hierarchy
2018-04-06 12:04:27 [restartedMain] INFO  o.s.w.s.m.m.a.RequestMappingHandlerMapping - Mapped "{[/]}" onto java.lang.String com.example.EmployeeTab.controller.AppController.home(org.springframework.ui.ModelMap)
2018-04-06 12:04:27 [restartedMain] INFO  o.s.w.s.m.m.a.RequestMappingHandlerMapping - Mapped "{[/partials/{page}]}" onto java.lang.String com.example.EmployeeTab.controller.AppController.partialHandler(java.lang.String)
2018-04-06 12:04:27 [restartedMain] INFO  o.s.w.s.m.m.a.RequestMappingHandlerMapping - Mapped "{[/SpringBootCRUDApp/api/departments],methods=[GET]}" onto public org.springframework.http.ResponseEntity<java.util.List<com.example.EmployeeTab.model.Department>> com.example.EmployeeTab.controller.DepartmentController.listAllDepartments()
2018-04-06 12:04:27 [restartedMain] INFO  o.s.w.s.m.m.a.RequestMappingHandlerMapping - Mapped "{[/SpringBootCRUDApp/api/department/{id}/employees],methods=[GET]}" onto public org.springframework.http.ResponseEntity<?> com.example.EmployeeTab.controller.DepartmentController.getDepartmentEmployees(long)
2018-04-06 12:04:28 [restartedMain] INFO  o.s.w.s.m.m.a.RequestMappingHandlerMapping - Mapped "{[/SpringBootCRUDApp/api/department/{id}],methods=[GET]}" onto public org.springframework.http.ResponseEntity<?> com.example.EmployeeTab.controller.DepartmentController.getDepartment(long)
2018-04-06 12:04:28 [restartedMain] INFO  o.s.w.s.m.m.a.RequestMappingHandlerMapping - Mapped "{[/SpringBootCRUDApp/api/employees],methods=[GET]}" onto public org.springframework.http.ResponseEntity<java.util.List<com.example.EmployeeTab.model.Employee>> com.example.EmployeeTab.controller.EmployeeController.listAllEmployees()
2018-04-06 12:04:28 [restartedMain] INFO  o.s.w.s.m.m.a.RequestMappingHandlerMapping - Mapped "{[/SpringBootCRUDApp/api/employee/{id}],methods=[GET]}" onto public org.springframework.http.ResponseEntity<?> com.example.EmployeeTab.controller.EmployeeController.getEmployee(long)
2018-04-06 12:04:28 [restartedMain] INFO  o.s.w.s.m.m.a.RequestMappingHandlerMapping - Mapped "{[/SpringBootCRUDApp/api/employee],methods=[POST]}" onto public org.springframework.http.ResponseEntity<?> com.example.EmployeeTab.controller.EmployeeController.createEmployee(com.example.EmployeeTab.model.Employee,org.springframework.web.util.UriComponentsBuilder)
2018-04-06 12:04:28 [restartedMain] INFO  o.s.w.s.m.m.a.RequestMappingHandlerMapping - Mapped "{[/SpringBootCRUDApp/api/employee/{id}],methods=[PUT]}" onto public org.springframework.http.ResponseEntity<?> com.example.EmployeeTab.controller.EmployeeController.updateEmployee(long,com.example.EmployeeTab.model.Employee)
2018-04-06 12:04:28 [restartedMain] INFO  o.s.w.s.m.m.a.RequestMappingHandlerMapping - Mapped "{[/SpringBootCRUDApp/api/employee/{id}],methods=[DELETE]}" onto public org.springframework.http.ResponseEntity<?> com.example.EmployeeTab.controller.EmployeeController.deleteEmployee(long)
2018-04-06 12:04:28 [restartedMain] INFO  o.s.w.s.m.m.a.RequestMappingHandlerMapping - Mapped "{[/error],produces=[text/html]}" onto public org.springframework.web.servlet.ModelAndView org.springframework.boot.autoconfigure.web.BasicErrorController.errorHtml(javax.servlet.http.HttpServletRequest,javax.servlet.http.HttpServletResponse)
2018-04-06 12:04:28 [restartedMain] INFO  o.s.w.s.m.m.a.RequestMappingHandlerMapping - Mapped "{[/error]}" onto public org.springframework.http.ResponseEntity<java.util.Map<java.lang.String, java.lang.Object>> org.springframework.boot.autoconfigure.web.BasicErrorController.error(javax.servlet.http.HttpServletRequest)
2018-04-06 12:04:28 [restartedMain] INFO  o.s.w.s.h.SimpleUrlHandlerMapping - Mapped URL path [/webjars/**] onto handler of type [class org.springframework.web.servlet.resource.ResourceHttpRequestHandler]
2018-04-06 12:04:28 [restartedMain] INFO  o.s.w.s.h.SimpleUrlHandlerMapping - Mapped URL path [/**] onto handler of type [class org.springframework.web.servlet.resource.ResourceHttpRequestHandler]
2018-04-06 12:04:28 [restartedMain] INFO  o.s.w.s.h.SimpleUrlHandlerMapping - Mapped URL path [/**/favicon.ico] onto handler of type [class org.springframework.web.servlet.resource.ResourceHttpRequestHandler]
2018-04-06 12:04:28 [restartedMain] INFO  o.s.w.s.v.f.FreeMarkerConfigurer - ClassTemplateLoader for Spring macros added to FreeMarker configuration
2018-04-06 12:04:28 [restartedMain] INFO  o.s.b.d.a.OptionalLiveReloadServer - LiveReload server is running on port 35729
2018-04-06 12:04:28 [restartedMain] INFO  o.s.j.e.a.AnnotationMBeanExporter - Registering beans for JMX exposure on startup
2018-04-06 12:04:28 [restartedMain] INFO  o.s.b.c.e.t.TomcatEmbeddedServletContainer - Tomcat started on port(s): 8080 (http)
2018-04-06 12:04:28 [restartedMain] INFO  c.e.E.EmployeeTabApplication - Started EmployeeTabApplication in 4.677 seconds (JVM running for 5.394)
2018-04-06 12:23:05 [http-nio-8080-exec-1] INFO  o.a.c.c.C.[Tomcat].[localhost].[/] - Initializing Spring FrameworkServlet 'dispatcherServlet'
2018-04-06 12:23:05 [http-nio-8080-exec-1] INFO  o.s.web.servlet.DispatcherServlet - FrameworkServlet 'dispatcherServlet': initialization started
2018-04-06 12:23:05 [http-nio-8080-exec-1] INFO  o.s.web.servlet.DispatcherServlet - FrameworkServlet 'dispatcherServlet': initialization completed in 14 ms
2018-04-06 12:23:05 [http-nio-8080-exec-10] INFO  o.h.h.i.QueryTranslatorFactoryInitiator - HHH000397: Using ASTQueryTranslatorFactory
2018-04-06 12:23:42 [http-nio-8080-exec-7] INFO  c.e.E.controller.EmployeeController - Creating Employee : Employee{id=null, firstName='еагк', lastName='гваравр', birthday=null, gender=MALE, taxNumber=47457, department=null}
2018-04-06 12:23:42 [http-nio-8080-exec-7] INFO  c.e.E.controller.EmployeeController - Created Employee : 6
2018-04-06 12:23:51 [http-nio-8080-exec-5] INFO  c.e.E.controller.EmployeeController - Fetching & Deleting Employee with id 1
2018-04-06 12:23:54 [http-nio-8080-exec-6] INFO  c.e.E.controller.EmployeeController - Fetching & Deleting Employee with id 4
2018-04-06 12:24:00 [http-nio-8080-exec-9] INFO  c.e.E.controller.EmployeeController - Finding employee with id 3
2018-04-06 12:24:04 [http-nio-8080-exec-1] INFO  c.e.E.controller.EmployeeController - Updating Employee with id 3
2018-04-06 12:24:04 [http-nio-8080-exec-1] ERROR o.a.c.c.C.[.[.[.[dispatcherServlet] - Servlet.service() for servlet [dispatcherServlet] in context with path [] threw exception [Request processing failed; nested exception is org.springframework.dao.InvalidDataAccessApiUsageException: Multiple representations of the same entity [com.example.EmployeeTab.model.Employee#3] are being merged. Detached: [Employee{id=3, firstName='вкнркгваравр', lastName='Prince', birthday=null, gender=FEMALE, taxNumber=1274456789, department=com.example.EmployeeTab.model.Department@704f553}]; Managed: [Employee{id=3, firstName='вкнркгваравр', lastName='Prince', birthday=null, gender=FEMALE, taxNumber=1274456789, department=com.example.EmployeeTab.model.Department@704f553}]; nested exception is java.lang.IllegalStateException: Multiple representations of the same entity [com.example.EmployeeTab.model.Employee#3] are being merged. Detached: [Employee{id=3, firstName='вкнркгваравр', lastName='Prince', birthday=null, gender=FEMALE, taxNumber=1274456789, department=com.example.EmployeeTab.model.Department@704f553}]; Managed: [Employee{id=3, firstName='вкнркгваравр', lastName='Prince', birthday=null, gender=FEMALE, taxNumber=1274456789, department=com.example.EmployeeTab.model.Department@704f553}]] with root cause
java.lang.IllegalStateException: Multiple representations of the same entity [com.example.EmployeeTab.model.Employee#3] are being merged. Detached: [Employee{id=3, firstName='вкнркгваравр', lastName='Prince', birthday=null, gender=FEMALE, taxNumber=1274456789, department=com.example.EmployeeTab.model.Department@704f553}]; Managed: [Employee{id=3, firstName='вкнркгваравр', lastName='Prince', birthday=null, gender=FEMALE, taxNumber=1274456789, department=com.example.EmployeeTab.model.Department@704f553}]
	at org.hibernate.event.internal.EntityCopyNotAllowedObserver.entityCopyDetected(EntityCopyNotAllowedObserver.java:37)
	at org.hibernate.event.internal.MergeContext.put(MergeContext.java:256)
	at org.hibernate.event.internal.DefaultMergeEventListener.entityIsDetached(DefaultMergeEventListener.java:304)
	at org.hibernate.event.internal.DefaultMergeEventListener.onMerge(DefaultMergeEventListener.java:170)
	at org.hibernate.internal.SessionImpl.fireMerge(SessionImpl.java:850)
	at org.hibernate.internal.SessionImpl.merge(SessionImpl.java:832)
	at org.hibernate.engine.spi.CascadingActions$6.cascade(CascadingActions.java:260)
	at org.hibernate.engine.internal.Cascade.cascadeToOne(Cascade.java:398)
	at org.hibernate.engine.internal.Cascade.cascadeAssociation(Cascade.java:323)
	at org.hibernate.engine.internal.Cascade.cascadeProperty(Cascade.java:162)
	at org.hibernate.engine.internal.Cascade.cascadeCollectionElements(Cascade.java:431)
	at org.hibernate.engine.internal.Cascade.cascadeCollection(Cascade.java:363)
	at org.hibernate.engine.internal.Cascade.cascadeAssociation(Cascade.java:326)
	at org.hibernate.engine.internal.Cascade.cascadeProperty(Cascade.java:162)
	at org.hibernate.engine.internal.Cascade.cascade(Cascade.java:111)
	at org.hibernate.event.internal.DefaultMergeEventListener.cascadeOnMerge(DefaultMergeEventListener.java:468)
	at org.hibernate.event.internal.DefaultMergeEventListener.entityIsDetached(DefaultMergeEventListener.java:327)
	at org.hibernate.event.internal.DefaultMergeEventListener.onMerge(DefaultMergeEventListener.java:170)
	at org.hibernate.internal.SessionImpl.fireMerge(SessionImpl.java:850)
	at org.hibernate.internal.SessionImpl.merge(SessionImpl.java:832)
	at org.hibernate.engine.spi.CascadingActions$6.cascade(CascadingActions.java:260)
	at org.hibernate.engine.internal.Cascade.cascadeToOne(Cascade.java:398)
	at org.hibernate.engine.internal.Cascade.cascadeAssociation(Cascade.java:323)
	at org.hibernate.engine.internal.Cascade.cascadeProperty(Cascade.java:162)
	at org.hibernate.engine.internal.Cascade.cascade(Cascade.java:111)
	at org.hibernate.event.internal.DefaultMergeEventListener.cascadeOnMerge(DefaultMergeEventListener.java:468)
	at org.hibernate.event.internal.DefaultMergeEventListener.entityIsPersistent(DefaultMergeEventListener.java:202)
	at org.hibernate.event.internal.DefaultMergeEventListener.onMerge(DefaultMergeEventListener.java:176)
	at org.hibernate.event.internal.DefaultMergeEventListener.onMerge(DefaultMergeEventListener.java:69)
	at org.hibernate.internal.SessionImpl.fireMerge(SessionImpl.java:840)
	at org.hibernate.internal.SessionImpl.merge(SessionImpl.java:822)
	at org.hibernate.internal.SessionImpl.merge(SessionImpl.java:827)
	at org.hibernate.jpa.spi.AbstractEntityManagerImpl.merge(AbstractEntityManagerImpl.java:1161)
	at sun.reflect.NativeMethodAccessorImpl.invoke0(Native Method)
	at sun.reflect.NativeMethodAccessorImpl.invoke(NativeMethodAccessorImpl.java:62)
	at sun.reflect.DelegatingMethodAccessorImpl.invoke(DelegatingMethodAccessorImpl.java:43)
	at java.lang.reflect.Method.invoke(Method.java:498)
	at org.springframework.orm.jpa.ExtendedEntityManagerCreator$ExtendedEntityManagerInvocationHandler.invoke(ExtendedEntityManagerCreator.java:347)
	at com.sun.proxy.$Proxy90.merge(Unknown Source)
	at sun.reflect.NativeMethodAccessorImpl.invoke0(Native Method)
	at sun.reflect.NativeMethodAccessorImpl.invoke(NativeMethodAccessorImpl.java:62)
	at sun.reflect.DelegatingMethodAccessorImpl.invoke(DelegatingMethodAccessorImpl.java:43)
	at java.lang.reflect.Method.invoke(Method.java:498)
	at org.springframework.orm.jpa.SharedEntityManagerCreator$SharedEntityManagerInvocationHandler.invoke(SharedEntityManagerCreator.java:298)
	at com.sun.proxy.$Proxy90.merge(Unknown Source)
	at org.springframework.data.jpa.repository.support.SimpleJpaRepository.save(SimpleJpaRepository.java:511)
	at sun.reflect.NativeMethodAccessorImpl.invoke0(Native Method)
	at sun.reflect.NativeMethodAccessorImpl.invoke(NativeMethodAccessorImpl.java:62)
	at sun.reflect.DelegatingMethodAccessorImpl.invoke(DelegatingMethodAccessorImpl.java:43)
	at java.lang.reflect.Method.invoke(Method.java:498)
	at org.springframework.data.repository.core.support.RepositoryFactorySupport$QueryExecutorMethodInterceptor.executeMethodOn(RepositoryFactorySupport.java:504)
	at org.springframework.data.repository.core.support.RepositoryFactorySupport$QueryExecutorMethodInterceptor.doInvoke(RepositoryFactorySupport.java:489)
	at org.springframework.data.repository.core.support.RepositoryFactorySupport$QueryExecutorMethodInterceptor.invoke(RepositoryFactorySupport.java:461)
	at org.springframework.aop.framework.ReflectiveMethodInvocation.proceed(ReflectiveMethodInvocation.java:179)
	at org.springframework.data.projection.DefaultMethodInvokingMethodInterceptor.invoke(DefaultMethodInvokingMethodInterceptor.java:56)
	at org.springframework.aop.framework.ReflectiveMethodInvocation.proceed(ReflectiveMethodInvocation.java:179)
	at org.springframework.transaction.interceptor.TransactionInterceptor$1.proceedWithInvocation(TransactionInterceptor.java:99)
	at org.springframework.transaction.interceptor.TransactionAspectSupport.invokeWithinTransaction(TransactionAspectSupport.java:282)
	at org.springframework.transaction.interceptor.TransactionInterceptor.invoke(TransactionInterceptor.java:96)
	at org.springframework.aop.framework.ReflectiveMethodInvocation.proceed(ReflectiveMethodInvocation.java:179)
	at org.springframework.dao.support.PersistenceExceptionTranslationInterceptor.invoke(PersistenceExceptionTranslationInterceptor.java:136)
	at org.springframework.aop.framework.ReflectiveMethodInvocation.proceed(ReflectiveMethodInvocation.java:179)
	at org.springframework.data.jpa.repository.support.CrudMethodMetadataPostProcessor$CrudMethodMetadataPopulatingMethodInterceptor.invoke(CrudMethodMetadataPostProcessor.java:133)
	at org.springframework.aop.framework.ReflectiveMethodInvocation.proceed(ReflectiveMethodInvocation.java:179)
	at org.springframework.aop.interceptor.ExposeInvocationInterceptor.invoke(ExposeInvocationInterceptor.java:92)
	at org.springframework.aop.framework.ReflectiveMethodInvocation.proceed(ReflectiveMethodInvocation.java:179)
	at org.springframework.data.repository.core.support.SurroundingTransactionDetectorMethodInterceptor.invoke(SurroundingTransactionDetectorMethodInterceptor.java:57)
	at org.springframework.aop.framework.ReflectiveMethodInvocation.proceed(ReflectiveMethodInvocation.java:179)
	at org.springframework.aop.framework.JdkDynamicAopProxy.invoke(JdkDynamicAopProxy.java:213)
	at com.sun.proxy.$Proxy94.save(Unknown Source)
	at com.example.EmployeeTab.service.EmployeeServiceImpl.save(EmployeeServiceImpl.java:30)
	at com.example.EmployeeTab.service.EmployeeServiceImpl.update(EmployeeServiceImpl.java:36)
	at com.example.EmployeeTab.service.EmployeeServiceImpl$$FastClassBySpringCGLIB$$c2a50796.invoke(<generated>)
	at org.springframework.cglib.proxy.MethodProxy.invoke(MethodProxy.java:204)
	at org.springframework.aop.framework.CglibAopProxy$CglibMethodInvocation.invokeJoinpoint(CglibAopProxy.java:738)
	at org.springframework.aop.framework.ReflectiveMethodInvocation.proceed(ReflectiveMethodInvocation.java:157)
	at org.springframework.transaction.interceptor.TransactionInterceptor$1.proceedWithInvocation(TransactionInterceptor.java:99)
	at org.springframework.transaction.interceptor.TransactionAspectSupport.invokeWithinTransaction(TransactionAspectSupport.java:282)
	at org.springframework.transaction.interceptor.TransactionInterceptor.invoke(TransactionInterceptor.java:96)
	at org.springframework.aop.framework.ReflectiveMethodInvocation.proceed(ReflectiveMethodInvocation.java:179)
	at org.springframework.aop.framework.CglibAopProxy$DynamicAdvisedInterceptor.intercept(CglibAopProxy.java:673)
	at com.example.EmployeeTab.service.EmployeeServiceImpl$$EnhancerBySpringCGLIB$$f6e4f2f8.update(<generated>)
	at com.example.EmployeeTab.controller.EmployeeController.updateEmployee(EmployeeController.java:82)
	at sun.reflect.NativeMethodAccessorImpl.invoke0(Native Method)
	at sun.reflect.NativeMethodAccessorImpl.invoke(NativeMethodAccessorImpl.java:62)
	at sun.reflect.DelegatingMethodAccessorImpl.invoke(DelegatingMethodAccessorImpl.java:43)
	at java.lang.reflect.Method.invoke(Method.java:498)
	at org.springframework.web.method.support.InvocableHandlerMethod.doInvoke(InvocableHandlerMethod.java:205)
	at org.springframework.web.method.support.InvocableHandlerMethod.invokeForRequest(InvocableHandlerMethod.java:133)
	at org.springframework.web.servlet.mvc.method.annotation.ServletInvocableHandlerMethod.invokeAndHandle(ServletInvocableHandlerMethod.java:97)
	at org.springframework.web.servlet.mvc.method.annotation.RequestMappingHandlerAdapter.invokeHandlerMethod(RequestMappingHandlerAdapter.java:827)
	at org.springframework.web.servlet.mvc.method.annotation.RequestMappingHandlerAdapter.handleInternal(RequestMappingHandlerAdapter.java:738)
	at org.springframework.web.servlet.mvc.method.AbstractHandlerMethodAdapter.handle(AbstractHandlerMethodAdapter.java:85)
	at org.springframework.web.servlet.DispatcherServlet.doDispatch(DispatcherServlet.java:967)
	at org.springframework.web.servlet.DispatcherServlet.doService(DispatcherServlet.java:901)
	at org.springframework.web.servlet.FrameworkServlet.processRequest(FrameworkServlet.java:970)
	at org.springframework.web.servlet.FrameworkServlet.doPut(FrameworkServlet.java:883)
	at javax.servlet.http.HttpServlet.service(HttpServlet.java:664)
	at org.springframework.web.servlet.FrameworkServlet.service(FrameworkServlet.java:846)
	at javax.servlet.http.HttpServlet.service(HttpServlet.java:742)
	at org.apache.catalina.core.ApplicationFilterChain.internalDoFilter(ApplicationFilterChain.java:231)
	at org.apache.catalina.core.ApplicationFilterChain.doFilter(ApplicationFilterChain.java:166)
	at org.apache.tomcat.websocket.server.WsFilter.doFilter(WsFilter.java:52)
	at org.apache.catalina.core.ApplicationFilterChain.internalDoFilter(ApplicationFilterChain.java:193)
	at org.apache.catalina.core.ApplicationFilterChain.doFilter(ApplicationFilterChain.java:166)
	at org.springframework.web.filter.RequestContextFilter.doFilterInternal(RequestContextFilter.java:99)
	at org.springframework.web.filter.OncePerRequestFilter.doFilter(OncePerRequestFilter.java:107)
	at org.apache.catalina.core.ApplicationFilterChain.internalDoFilter(ApplicationFilterChain.java:193)
	at org.apache.catalina.core.ApplicationFilterChain.doFilter(ApplicationFilterChain.java:166)
	at org.springframework.web.filter.HttpPutFormContentFilter.doFilterInternal(HttpPutFormContentFilter.java:108)
	at org.springframework.web.filter.OncePerRequestFilter.doFilter(OncePerRequestFilter.java:107)
	at org.apache.catalina.core.ApplicationFilterChain.internalDoFilter(ApplicationFilterChain.java:193)
	at org.apache.catalina.core.ApplicationFilterChain.doFilter(ApplicationFilterChain.java:166)
	at org.springframework.web.filter.HiddenHttpMethodFilter.doFilterInternal(HiddenHttpMethodFilter.java:81)
	at org.springframework.web.filter.OncePerRequestFilter.doFilter(OncePerRequestFilter.java:107)
	at org.apache.catalina.core.ApplicationFilterChain.internalDoFilter(ApplicationFilterChain.java:193)
	at org.apache.catalina.core.ApplicationFilterChain.doFilter(ApplicationFilterChain.java:166)
	at org.springframework.web.filter.CharacterEncodingFilter.doFilterInternal(CharacterEncodingFilter.java:197)
	at org.springframework.web.filter.OncePerRequestFilter.doFilter(OncePerRequestFilter.java:107)
	at org.apache.catalina.core.ApplicationFilterChain.internalDoFilter(ApplicationFilterChain.java:193)
	at org.apache.catalina.core.ApplicationFilterChain.doFilter(ApplicationFilterChain.java:166)
	at org.apache.catalina.core.StandardWrapperValve.invoke(StandardWrapperValve.java:199)
	at org.apache.catalina.core.StandardContextValve.invoke(StandardContextValve.java:96)
	at org.apache.catalina.authenticator.AuthenticatorBase.invoke(AuthenticatorBase.java:478)
	at org.apache.catalina.core.StandardHostValve.invoke(StandardHostValve.java:140)
	at org.apache.catalina.valves.ErrorReportValve.invoke(ErrorReportValve.java:81)
	at org.apache.catalina.core.StandardEngineValve.invoke(StandardEngineValve.java:87)
	at org.apache.catalina.connector.CoyoteAdapter.service(CoyoteAdapter.java:342)
	at org.apache.coyote.http11.Http11Processor.service(Http11Processor.java:803)
	at org.apache.coyote.AbstractProcessorLight.process(AbstractProcessorLight.java:66)
	at org.apache.coyote.AbstractProtocol$ConnectionHandler.process(AbstractProtocol.java:868)
	at org.apache.tomcat.util.net.NioEndpoint$SocketProcessor.doRun(NioEndpoint.java:1459)
	at org.apache.tomcat.util.net.SocketProcessorBase.run(SocketProcessorBase.java:49)
	at java.util.concurrent.ThreadPoolExecutor.runWorker(ThreadPoolExecutor.java:1149)
	at java.util.concurrent.ThreadPoolExecutor$Worker.run(ThreadPoolExecutor.java:624)
	at org.apache.tomcat.util.threads.TaskThread$WrappingRunnable.run(TaskThread.java:61)
	at java.lang.Thread.run(Thread.java:748)
